<?xml version="1.0" encoding="UTF-8"?>
<!-- Generated by org.testng.reporters.JUnitReportReporter -->
<testsuite hostname="Michaels-MacBook-Pro.local" failures="0" tests="1" name="GridTest" time="5.962" errors="0" timestamp="2024-12-07T14:12:57 SAST" skipped="0">
  <testcase classname="GridTest" name="runTestInGrid" time="5.962"/>
  <system-out/>
</testsuite> <!-- GridTest -->
