<?xml version="1.0" encoding="UTF-8"?>
<!-- Generated by org.testng.reporters.JUnitReportReporter -->
<testsuite hostname="Michaels-MacBook-Pro.local" failures="0" tests="1" name="GridTestInfireFox" time="12.875" errors="0" timestamp="2024-12-07T14:12:57 SAST" skipped="0">
  <testcase classname="GridTestInfireFox" name="runTestInGridrr" time="12.875"/>
  <system-out/>
</testsuite> <!-- GridTestInfireFox -->
